#
# A fatal error has been detected by the Java Runtime Environment:
#
#  Internal Error (javaClasses.cpp:136), pid=3468, tid=7004
#  fatal error: Invalid layout of preloaded class
#
# JRE version:  (7.0_45-b18) (build )
# Java VM: Java HotSpot(TM) 64-Bit Server VM (24.45-b08 mixed mode windows-amd64 compressed oops)
# Failed to write core dump. Minidumps are not enabled by default on client versions of Windows
#
# If you would like to submit a bug report, please visit:
#   http://bugreport.sun.com/bugreport/crash.jsp
#

---------------  T H R E A D  ---------------

Current thread (0x00000000023dd800):  JavaThread "Unknown thread" [_thread_in_vm, id=7004, stack(0x00000000025c0000,0x00000000026c0000)]

Stack: [0x00000000025c0000,0x00000000026c0000]

---------------  P R O C E S S  ---------------

Java Threads: ( => current thread )

Other Threads:

=>0x00000000023dd800 (exited) JavaThread "Unknown thread" [_thread_in_vm, id=7004, stack(0x00000000025c0000,0x00000000026c0000)]

VM state:not at safepoint (not fully initialized)

VM Mutex/Monitor currently owned by a thread: None

GC Heap History (0 events):
No events

Deoptimization events (0 events):
No events

Internal exceptions (0 events):
No events

Events (10 events):
Event: 0.020 loading class 0x000000000233f760 done
Event: 0.021 loading class 0x000000000233f180 done
Event: 0.021 loading class 0x000000000233f160
Event: 0.021 loading class 0x0000000002347270
Event: 0.021 loading class 0x0000000002347270 done
Event: 0.021 loading class 0x00000000023472a0
Event: 0.021 loading class 0x00000000023472a0 done
Event: 0.021 loading class 0x00000000023472d0
Event: 0.021 loading class 0x00000000023472d0 done
Event: 0.021 loading class 0x000000000233f160 done


Dynamic libraries:
0x000000013f650000 - 0x000000013f683000 	E:\Java\jdk1.7.0_45\bin\javaw.exe
0x0000000077820000 - 0x00000000779c9000 	C:\Windows\SYSTEM32\ntdll.dll
0x0000000077600000 - 0x000000007771f000 	C:\Windows\system32\kernel32.dll
0x000007fefd870000 - 0x000007fefd8dc000 	C:\Windows\system32\KERNELBASE.dll
0x000007feff630000 - 0x000007feff70b000 	C:\Windows\system32\ADVAPI32.dll
0x000007feff710000 - 0x000007feff7af000 	C:\Windows\system32\msvcrt.dll
0x000007fefe100000 - 0x000007fefe11f000 	C:\Windows\SYSTEM32\sechost.dll
0x000007fefe470000 - 0x000007fefe59d000 	C:\Windows\system32\RPCRT4.dll
0x0000000077720000 - 0x000000007781a000 	C:\Windows\system32\USER32.dll
0x000007fefe120000 - 0x000007fefe187000 	C:\Windows\system32\GDI32.dll
0x000007feffaa0000 - 0x000007feffaae000 	C:\Windows\system32\LPK.dll
0x000007fefe190000 - 0x000007fefe259000 	C:\Windows\system32\USP10.dll
0x000007fefbaa0000 - 0x000007fefbc94000 	C:\Windows\WinSxS\amd64_microsoft.windows.common-controls_6595b64144ccf1df_6.0.7601.17514_none_fa396087175ac9ac\COMCTL32.dll
0x000007feffab0000 - 0x000007feffb21000 	C:\Windows\system32\SHLWAPI.dll
0x000007fefe620000 - 0x000007fefe64e000 	C:\Windows\system32\IMM32.DLL
0x000007fefdae0000 - 0x000007fefdbe9000 	C:\Windows\system32\MSCTF.dll
0x000000006f5c0000 - 0x000000006f692000 	E:\Java\jdk1.7.0_45\jre\bin\msvcr100.dll
0x0000000068700000 - 0x0000000068ec9000 	E:\Java\jdk1.7.0_45\jre\bin\server\jvm.dll
0x000007fef3d30000 - 0x000007fef3d39000 	C:\Windows\system32\WSOCK32.dll
0x000007fefdc00000 - 0x000007fefdc4d000 	C:\Windows\system32\WS2_32.dll
0x000007fefdbf0000 - 0x000007fefdbf8000 	C:\Windows\system32\NSI.dll
0x000007fefc060000 - 0x000007fefc09b000 	C:\Windows\system32\WINMM.dll
0x00000000779e0000 - 0x00000000779e7000 	C:\Windows\system32\PSAPI.DLL
0x0000000072ef0000 - 0x0000000072eff000 	E:\Java\jdk1.7.0_45\jre\bin\verify.dll
0x000000006f590000 - 0x000000006f5b8000 	E:\Java\jdk1.7.0_45\jre\bin\java.dll
0x000000006f570000 - 0x000000006f585000 	E:\Java\jdk1.7.0_45\jre\bin\zip.dll

VM Arguments:
jvm_args: -Dfile.encoding=GBK -Xbootclasspath:E:\Android\android-sdk\platforms\android-20\android.jar 
java_command: test.Test
Launcher Type: SUN_STANDARD

Environment Variables:
JAVA_HOME=E:\Java\jdk1.7.0_45
CLASSPATH=.;E:\Java\jdk1.7.0_45\lib\dt.jar;E:\Java\jdk1.7.0_45\lib\tools.jar;
PATH=C:\Windows\system32;C:\Windows;C:\Windows\System32\Wbem;C:\Windows\System32\WindowsPowerShell\v1.0\;C:\Program Files (x86)\ATI Technologies\ATI.ACE\Core-Static;E:\Android\android-sdk\platform-tools;E:\Android\android-sdk\tools;E:\Java\jdk1.7.0_45\bin;E:\Android\android-ndk-r9d;E:\apache-ant-1.9.4\bin;E:\nodejs\;C:\Users\yj\AppData\Roaming\npm
USERNAME=yj
OS=Windows_NT
PROCESSOR_IDENTIFIER=AMD64 Family 21 Model 16 Stepping 1, AuthenticAMD



---------------  S Y S T E M  ---------------

OS: Windows 7 , 64 bit Build 7601 Service Pack 1

CPU:total 4 (4 cores per cpu, 1 threads per core) family 21 model 16 stepping 1, cmov, cx8, fxsr, mmx, sse, sse2, sse3, ssse3, sse4.1, sse4.2, popcnt, avx, aes, mmxext, 3dnowpref, lzcnt, sse4a, tsc, tscinvbit, tscinv

Memory: 4k page, physical 3645816k(812564k free), swap 7289776k(3459520k free)

vm_info: Java HotSpot(TM) 64-Bit Server VM (24.45-b08) for windows-amd64 JRE (1.7.0_45-b18), built on Oct  8 2013 05:47:22 by "java_re" with unknown MS VC++:1600

time: Sun Mar 22 23:52:55 2015
elapsed time: 0 seconds

